<?xml version="1.0" encoding="UTF-8"?>
<!-- Generated by org.testng.reporters.JUnitReportReporter -->
<testsuite hostname="DESKTOP-TRG73LO" failures="0" tests="1" name="testNG.SurfaceAreaSphere2" time="0.016" errors="0" timestamp="2023-05-11T12:19:39 IST" skipped="0">
  <testcase classname="testNG.SurfaceAreaSphere2" name="testSurfaceAreaSphere" time="0.016"/>
  <system-out/>
</testsuite> <!-- testNG.SurfaceAreaSphere2 -->
