<?xml version="1.0" encoding="UTF-8"?>
<!-- Generated by org.testng.reporters.JUnitReportReporter -->
<testsuite hostname="DESKTOP-TRG73LO" failures="0" tests="1" name="testNG.PerimeterRect4" time="0.016" errors="0" timestamp="2023-05-11T12:03:42 IST" skipped="0">
  <testcase classname="testNG.PerimeterRect4" name="testPerimeterRect" time="0.016"/>
  <system-out/>
</testsuite> <!-- testNG.PerimeterRect4 -->
