<?xml version="1.0" encoding="UTF-8"?>
<!-- Generated by org.testng.reporters.JUnitReportReporter -->
<testsuite hostname="DESKTOP-TRG73LO" failures="0" tests="1" name="testNG.PerimeterRect3" time="0.024" errors="0" timestamp="2023-05-11T12:02:36 IST" skipped="0">
  <testcase classname="testNG.PerimeterRect3" name="testPerimeterRect" time="0.024"/>
  <system-out/>
</testsuite> <!-- testNG.PerimeterRect3 -->
