<?xml version="1.0" encoding="UTF-8"?>
<!-- Generated by org.testng.reporters.JUnitReportReporter -->
<testsuite hostname="DESKTOP-TRG73LO" failures="0" tests="1" name="testNG.SurfaceAreaSphere3" time="0.015" errors="0" timestamp="2023-05-11T12:20:35 IST" skipped="0">
  <testcase classname="testNG.SurfaceAreaSphere3" name="testSurfaceAreaSphere" time="0.015"/>
  <system-out/>
</testsuite> <!-- testNG.SurfaceAreaSphere3 -->
