<?xml version="1.0" encoding="UTF-8"?>
<!-- Generated by org.testng.reporters.JUnitReportReporter -->
<testsuite hostname="DESKTOP-TRG73LO" failures="0" tests="1" name="testNG.AreaRect1" time="0.019" errors="0" timestamp="2023-05-11T11:49:41 IST" skipped="0">
  <testcase classname="testNG.AreaRect1" name="testAreaRect" time="0.019"/>
  <system-out/>
</testsuite> <!-- testNG.AreaRect1 -->
