<?xml version="1.0" encoding="UTF-8"?>
<!-- Generated by org.testng.reporters.JUnitReportReporter -->
<testsuite hostname="DESKTOP-TRG73LO" failures="0" tests="1" name="testNG.AreaRect4" time="0.017" errors="0" timestamp="2023-05-11T11:55:11 IST" skipped="0">
  <testcase classname="testNG.AreaRect4" name="testAreaRect" time="0.017"/>
  <system-out/>
</testsuite> <!-- testNG.AreaRect4 -->
